* using log directory ‘/Users/hyunjoooh/Desktop/2017_Stat_Prog/PS5/FitStatistics.Rcheck’
* using R version 3.3.1 (2016-06-21)
* using platform: x86_64-apple-darwin13.4.0 (64-bit)
* using session charset: UTF-8
* checking for file ‘FitStatistics/DESCRIPTION’ ... OK
* this is package ‘FitStatisticsPack’ version ‘0.1’
* checking package namespace information ... OK
* checking package dependencies ... OK
* checking if this is a source package ... OK
* checking if there is a namespace ... OK
* checking for executable files ... OK
* checking for hidden files and directories ... NOTE
Found the following hidden files and directories:
  .DS_Store
  R/.DS_Store
  R/.Rhistory
  man/.DS_Store
  man/.Rapp.history
  tests/.DS_Store
  tests/testthat/.DS_Store
These were most likely included in error. See section ‘Package
structure’ in the ‘Writing R Extensions’ manual.
* checking for portable file names ... OK
* checking for sufficient/correct file permissions ... OK
* checking whether package ‘FitStatisticsPack’ can be installed ... OK
* checking installed package size ... OK
* checking package directory ... OK
* checking DESCRIPTION meta-information ... NOTE
Checking should be performed on sources prepared by ‘R CMD build’.
* checking top-level files ... OK
* checking for left-over files ... OK
* checking index information ... OK
* checking package subdirectories ... OK
* checking R files for non-ASCII characters ... OK
* checking R files for syntax errors ... OK
* checking whether the package can be loaded ... OK
* checking whether the package can be loaded with stated dependencies ... OK
* checking whether the package can be unloaded cleanly ... OK
* checking whether the namespace can be loaded with stated dependencies ... OK
* checking whether the namespace can be unloaded cleanly ... OK
* checking dependencies in R code ... NOTE
Package in Depends field not imported from: ‘methods’
  These packages need to be imported from (in the NAMESPACE file)
  for when this namespace is loaded but not attached.
* checking S3 generic/method consistency ... OK
* checking replacement functions ... OK
* checking foreign function calls ... OK
* checking R code for possible problems ... NOTE
FitStatistics : <anonymous>: no visible global function definition for
  ‘na.omit’
FitStatistics : <anonymous>: no visible global function definition for
  ‘median’
Undefined global functions or variables:
  median na.omit
Consider adding
  importFrom("stats", "median", "na.omit")
to your NAMESPACE file.
* checking Rd files ... OK
* checking Rd metadata ... OK
* checking Rd cross-references ... OK
* checking for missing documentation entries ... OK
* checking for code/documentation mismatches ... OK
* checking Rd \usage sections ... WARNING
Undocumented arguments in documentation object 'FitStatistics'
  ‘fits’

Functions with \usage entries need to have the appropriate \alias
entries, and all their arguments documented.
The \usage entries must correspond to syntactically valid R code.
See chapter ‘Writing R documentation files’ in the ‘Writing R
Extensions’ manual.
* checking Rd contents ... OK
* checking for unstated dependencies in examples ... OK
* checking examples ... OK
* checking for unstated dependencies in ‘tests’ ... WARNING
'library' or 'require' call not declared from: ‘testthat’
* checking tests ... ERROR
Running the tests in ‘tests/test-all.R’ failed.
Last 13 lines of output:
  Type 'demo()' for some demos, 'help()' for on-line help, or
  'help.start()' for an HTML browser interface to help.
  Type 'q()' to quit R.
  
  > library(testthat)
  > test_check("FitStatistics")
  Loading required package: FitStatistics
  Error in loadNamespace(name) : there is no package called 'FitStatistics'
  Calls: test_check ... tryCatch -> tryCatchList -> tryCatchOne -> <Anonymous>
  In addition: Warning message:
  In library(package, lib.loc = lib.loc, character.only = TRUE, logical.return = TRUE,  :
    there is no package called 'FitStatistics'
  Execution halted
* checking PDF version of manual ... OK
* DONE
Status: 1 ERROR, 2 WARNINGs, 4 NOTEs
